<?xml version="1.0" encoding="UTF-8"?>
<!-- Generated by org.testng.reporters.JUnitReportReporter -->
<testsuite skipped="0" hostname="LAPTOP-7PL3TRUU" name="com.inetbanking.testCases.TC_LoginTest_001" tests="1" failures="0" timestamp="2022-01-09T23:51:20 IST" time="9.542" errors="0">
  <testcase name="loginTest" time="9.542" classname="com.inetbanking.testCases.TC_LoginTest_001"/>
  <system-out/>
</testsuite> <!-- com.inetbanking.testCases.TC_LoginTest_001 -->
